  Application.cpp
C:\Users\pau\Desktop\-Minigame\Shock-Troopers\Project_9_Solution\Source\Animation.h(58,4): error C2043: instrucción break no válida
C:\Users\pau\Desktop\-Minigame\Shock-Troopers\Project_9_Solution\Source\Animation.h(65,19): warning C4244: 'inicializando': conversión de 'const float' a 'int'; posible pérdida de datos
C:\Users\pau\Desktop\-Minigame\Shock-Troopers\Project_9_Solution\Source\Animation.h(67,30): warning C4244: '=': conversión de 'float' a 'int'; posible pérdida de datos
  Enemy.cpp
C:\Users\pau\Desktop\-Minigame\Shock-Troopers\Project_9_Solution\Source\Animation.h(58,4): error C2043: instrucción break no válida
C:\Users\pau\Desktop\-Minigame\Shock-Troopers\Project_9_Solution\Source\Animation.h(65,19): warning C4244: 'inicializando': conversión de 'const float' a 'int'; posible pérdida de datos
C:\Users\pau\Desktop\-Minigame\Shock-Troopers\Project_9_Solution\Source\Animation.h(67,30): warning C4244: '=': conversión de 'float' a 'int'; posible pérdida de datos
C:\Users\pau\Desktop\-Minigame\Shock-Troopers\Project_9_Solution\Source\Enemy.cpp(42,12): warning C4244: 'inicializando': conversión de 'double' a 'float'; posible pérdida de datos
  Enemy_Barrel.cpp
C:\Users\pau\Desktop\-Minigame\Shock-Troopers\Project_9_Solution\Source\Animation.h(58,4): error C2043: instrucción break no válida
C:\Users\pau\Desktop\-Minigame\Shock-Troopers\Project_9_Solution\Source\Animation.h(65,19): warning C4244: 'inicializando': conversión de 'const float' a 'int'; posible pérdida de datos
C:\Users\pau\Desktop\-Minigame\Shock-Troopers\Project_9_Solution\Source\Animation.h(67,30): warning C4244: '=': conversión de 'float' a 'int'; posible pérdida de datos
  Enemy_Bazooka.cpp
C:\Users\pau\Desktop\-Minigame\Shock-Troopers\Project_9_Solution\Source\Animation.h(58,4): error C2043: instrucción break no válida
C:\Users\pau\Desktop\-Minigame\Shock-Troopers\Project_9_Solution\Source\Animation.h(65,19): warning C4244: 'inicializando': conversión de 'const float' a 'int'; posible pérdida de datos
C:\Users\pau\Desktop\-Minigame\Shock-Troopers\Project_9_Solution\Source\Animation.h(67,30): warning C4244: '=': conversión de 'float' a 'int'; posible pérdida de datos
C:\Users\pau\Desktop\-Minigame\Shock-Troopers\Project_9_Solution\Source\Enemy_Bazooka.cpp(72,68): warning C4244: '=': conversión de 'TYPE' a 'float'; posible pérdida de datos
          with
          [
              TYPE=int
          ]
C:\Users\pau\Desktop\-Minigame\Shock-Troopers\Project_9_Solution\Source\Enemy_Bazooka.cpp(73,68): warning C4244: '=': conversión de 'TYPE' a 'float'; posible pérdida de datos
          with
          [
              TYPE=int
          ]
  Enemy_BlackSoldier.cpp
C:\Users\pau\Desktop\-Minigame\Shock-Troopers\Project_9_Solution\Source\Animation.h(58,4): error C2043: instrucción break no válida
C:\Users\pau\Desktop\-Minigame\Shock-Troopers\Project_9_Solution\Source\Animation.h(65,19): warning C4244: 'inicializando': conversión de 'const float' a 'int'; posible pérdida de datos
C:\Users\pau\Desktop\-Minigame\Shock-Troopers\Project_9_Solution\Source\Animation.h(67,30): warning C4244: '=': conversión de 'float' a 'int'; posible pérdida de datos
C:\Users\pau\Desktop\-Minigame\Shock-Troopers\Project_9_Solution\Source\Enemy_BlackSoldier.cpp(60,81): warning C4244: '=': conversión de 'int' a 'float'; posible pérdida de datos
C:\Users\pau\Desktop\-Minigame\Shock-Troopers\Project_9_Solution\Source\Enemy_BlackSoldier.cpp(61,81): warning C4244: '=': conversión de 'int' a 'float'; posible pérdida de datos
  Enemy_BrownShip.cpp
C:\Users\pau\Desktop\-Minigame\Shock-Troopers\Project_9_Solution\Source\Animation.h(58,4): error C2043: instrucción break no válida
C:\Users\pau\Desktop\-Minigame\Shock-Troopers\Project_9_Solution\Source\Animation.h(65,19): warning C4244: 'inicializando': conversión de 'const float' a 'int'; posible pérdida de datos
C:\Users\pau\Desktop\-Minigame\Shock-Troopers\Project_9_Solution\Source\Animation.h(67,30): warning C4244: '=': conversión de 'float' a 'int'; posible pérdida de datos
C:\Users\pau\Desktop\-Minigame\Shock-Troopers\Project_9_Solution\Source\Enemy_BrownShip.cpp(279,68): warning C4244: '=': conversión de 'TYPE' a 'float'; posible pérdida de datos
          with
          [
              TYPE=int
          ]
C:\Users\pau\Desktop\-Minigame\Shock-Troopers\Project_9_Solution\Source\Enemy_BrownShip.cpp(280,68): warning C4244: '=': conversión de 'TYPE' a 'float'; posible pérdida de datos
          with
          [
              TYPE=int
          ]
  Enemy_FinalBoss.cpp
C:\Users\pau\Desktop\-Minigame\Shock-Troopers\Project_9_Solution\Source\Animation.h(58,4): error C2043: instrucción break no válida
C:\Users\pau\Desktop\-Minigame\Shock-Troopers\Project_9_Solution\Source\Animation.h(65,19): warning C4244: 'inicializando': conversión de 'const float' a 'int'; posible pérdida de datos
C:\Users\pau\Desktop\-Minigame\Shock-Troopers\Project_9_Solution\Source\Animation.h(67,30): warning C4244: '=': conversión de 'float' a 'int'; posible pérdida de datos
C:\Users\pau\Desktop\-Minigame\Shock-Troopers\Project_9_Solution\Source\Enemy_FinalBoss.cpp(110,68): warning C4244: '=': conversión de 'TYPE' a 'float'; posible pérdida de datos
          with
          [
              TYPE=int
          ]
C:\Users\pau\Desktop\-Minigame\Shock-Troopers\Project_9_Solution\Source\Enemy_FinalBoss.cpp(111,68): warning C4244: '=': conversión de 'TYPE' a 'float'; posible pérdida de datos
          with
          [
              TYPE=int
          ]
  Enemy_Helicopter.cpp
C:\Users\pau\Desktop\-Minigame\Shock-Troopers\Project_9_Solution\Source\Animation.h(58,4): error C2043: instrucción break no válida
C:\Users\pau\Desktop\-Minigame\Shock-Troopers\Project_9_Solution\Source\Animation.h(65,19): warning C4244: 'inicializando': conversión de 'const float' a 'int'; posible pérdida de datos
C:\Users\pau\Desktop\-Minigame\Shock-Troopers\Project_9_Solution\Source\Animation.h(67,30): warning C4244: '=': conversión de 'float' a 'int'; posible pérdida de datos
C:\Users\pau\Desktop\-Minigame\Shock-Troopers\Project_9_Solution\Source\Enemy_Helicopter.cpp(57,82): warning C4244: '=': conversión de 'int' a 'float'; posible pérdida de datos
C:\Users\pau\Desktop\-Minigame\Shock-Troopers\Project_9_Solution\Source\Enemy_Helicopter.cpp(58,81): warning C4244: '=': conversión de 'int' a 'float'; posible pérdida de datos
  Enemy_Mech.cpp
C:\Users\pau\Desktop\-Minigame\Shock-Troopers\Project_9_Solution\Source\Animation.h(58,4): error C2043: instrucción break no válida
C:\Users\pau\Desktop\-Minigame\Shock-Troopers\Project_9_Solution\Source\Animation.h(65,19): warning C4244: 'inicializando': conversión de 'const float' a 'int'; posible pérdida de datos
C:\Users\pau\Desktop\-Minigame\Shock-Troopers\Project_9_Solution\Source\Animation.h(67,30): warning C4244: '=': conversión de 'float' a 'int'; posible pérdida de datos
  Enemy_RedBird.cpp
C:\Users\pau\Desktop\-Minigame\Shock-Troopers\Project_9_Solution\Source\Animation.h(58,4): error C2043: instrucción break no válida
C:\Users\pau\Desktop\-Minigame\Shock-Troopers\Project_9_Solution\Source\Animation.h(65,19): warning C4244: 'inicializando': conversión de 'const float' a 'int'; posible pérdida de datos
C:\Users\pau\Desktop\-Minigame\Shock-Troopers\Project_9_Solution\Source\Animation.h(67,30): warning C4244: '=': conversión de 'float' a 'int'; posible pérdida de datos
C:\Users\pau\Desktop\-Minigame\Shock-Troopers\Project_9_Solution\Source\Enemy_RedBird.cpp(123,68): warning C4244: '=': conversión de 'TYPE' a 'float'; posible pérdida de datos
          with
          [
              TYPE=int
          ]
C:\Users\pau\Desktop\-Minigame\Shock-Troopers\Project_9_Solution\Source\Enemy_RedBird.cpp(124,68): warning C4244: '=': conversión de 'TYPE' a 'float'; posible pérdida de datos
          with
          [
              TYPE=int
          ]
  Enemy_Tank.cpp
C:\Users\pau\Desktop\-Minigame\Shock-Troopers\Project_9_Solution\Source\Animation.h(58,4): error C2043: instrucción break no válida
C:\Users\pau\Desktop\-Minigame\Shock-Troopers\Project_9_Solution\Source\Animation.h(65,19): warning C4244: 'inicializando': conversión de 'const float' a 'int'; posible pérdida de datos
C:\Users\pau\Desktop\-Minigame\Shock-Troopers\Project_9_Solution\Source\Animation.h(67,30): warning C4244: '=': conversión de 'float' a 'int'; posible pérdida de datos
C:\Users\pau\Desktop\-Minigame\Shock-Troopers\Project_9_Solution\Source\Enemy_Tank.cpp(84,68): warning C4244: '=': conversión de 'TYPE' a 'float'; posible pérdida de datos
          with
          [
              TYPE=int
          ]
C:\Users\pau\Desktop\-Minigame\Shock-Troopers\Project_9_Solution\Source\Enemy_Tank.cpp(85,68): warning C4244: '=': conversión de 'TYPE' a 'float'; posible pérdida de datos
          with
          [
              TYPE=int
          ]
  Enemy_TankStop.cpp
C:\Users\pau\Desktop\-Minigame\Shock-Troopers\Project_9_Solution\Source\Animation.h(58,4): error C2043: instrucción break no válida
C:\Users\pau\Desktop\-Minigame\Shock-Troopers\Project_9_Solution\Source\Animation.h(65,19): warning C4244: 'inicializando': conversión de 'const float' a 'int'; posible pérdida de datos
C:\Users\pau\Desktop\-Minigame\Shock-Troopers\Project_9_Solution\Source\Animation.h(67,30): warning C4244: '=': conversión de 'float' a 'int'; posible pérdida de datos
  Enemy_ThreeBarrels.cpp
C:\Users\pau\Desktop\-Minigame\Shock-Troopers\Project_9_Solution\Source\Animation.h(58,4): error C2043: instrucción break no válida
C:\Users\pau\Desktop\-Minigame\Shock-Troopers\Project_9_Solution\Source\Animation.h(65,19): warning C4244: 'inicializando': conversión de 'const float' a 'int'; posible pérdida de datos
C:\Users\pau\Desktop\-Minigame\Shock-Troopers\Project_9_Solution\Source\Animation.h(67,30): warning C4244: '=': conversión de 'float' a 'int'; posible pérdida de datos
  InitialScreen.cpp
C:\Users\pau\Desktop\-Minigame\Shock-Troopers\Project_9_Solution\Source\Animation.h(58,4): error C2043: instrucción break no válida
C:\Users\pau\Desktop\-Minigame\Shock-Troopers\Project_9_Solution\Source\Animation.h(65,19): warning C4244: 'inicializando': conversión de 'const float' a 'int'; posible pérdida de datos
C:\Users\pau\Desktop\-Minigame\Shock-Troopers\Project_9_Solution\Source\Animation.h(67,30): warning C4244: '=': conversión de 'float' a 'int'; posible pérdida de datos
  ModuleEnemies.cpp
C:\Users\pau\Desktop\-Minigame\Shock-Troopers\Project_9_Solution\Source\Animation.h(58,4): error C2043: instrucción break no válida
C:\Users\pau\Desktop\-Minigame\Shock-Troopers\Project_9_Solution\Source\Animation.h(65,19): warning C4244: 'inicializando': conversión de 'const float' a 'int'; posible pérdida de datos
C:\Users\pau\Desktop\-Minigame\Shock-Troopers\Project_9_Solution\Source\Animation.h(67,30): warning C4244: '=': conversión de 'float' a 'int'; posible pérdida de datos
  ModuleParticles.cpp
C:\Users\pau\Desktop\-Minigame\Shock-Troopers\Project_9_Solution\Source\Animation.h(58,4): error C2043: instrucción break no válida
C:\Users\pau\Desktop\-Minigame\Shock-Troopers\Project_9_Solution\Source\Animation.h(65,19): warning C4244: 'inicializando': conversión de 'const float' a 'int'; posible pérdida de datos
C:\Users\pau\Desktop\-Minigame\Shock-Troopers\Project_9_Solution\Source\Animation.h(67,30): warning C4244: '=': conversión de 'float' a 'int'; posible pérdida de datos
C:\Users\pau\Desktop\-Minigame\Shock-Troopers\Project_9_Solution\Source\ModuleParticles.cpp(328,78): warning C4244: 'argumento': conversión de 'TYPE' a 'int'; posible pérdida de datos
          with
          [
              TYPE=float
          ]
C:\Users\pau\Desktop\-Minigame\Shock-Troopers\Project_9_Solution\Source\ModuleParticles.cpp(328,56): warning C4244: 'argumento': conversión de 'TYPE' a 'int'; posible pérdida de datos
          with
          [
              TYPE=float
          ]
C:\Users\pau\Desktop\-Minigame\Shock-Troopers\Project_9_Solution\Source\ModuleParticles.cpp(333,72): warning C4244: 'argumento': conversión de 'TYPE' a 'int'; posible pérdida de datos
          with
          [
              TYPE=float
          ]
C:\Users\pau\Desktop\-Minigame\Shock-Troopers\Project_9_Solution\Source\ModuleParticles.cpp(333,50): warning C4244: 'argumento': conversión de 'TYPE' a 'int'; posible pérdida de datos
          with
          [
              TYPE=float
          ]
C:\Users\pau\Desktop\-Minigame\Shock-Troopers\Project_9_Solution\Source\ModuleParticles.cpp(354,30): warning C4244: '=': conversión de 'int' a 'TYPE'; posible pérdida de datos
          with
          [
              TYPE=float
          ]
C:\Users\pau\Desktop\-Minigame\Shock-Troopers\Project_9_Solution\Source\ModuleParticles.cpp(355,30): warning C4244: '=': conversión de 'int' a 'TYPE'; posible pérdida de datos
          with
          [
              TYPE=float
          ]
  ModulePlayer.cpp
C:\Users\pau\Desktop\-Minigame\Shock-Troopers\Project_9_Solution\Source\Animation.h(58,4): error C2043: instrucción break no válida
C:\Users\pau\Desktop\-Minigame\Shock-Troopers\Project_9_Solution\Source\Animation.h(65,19): warning C4244: 'inicializando': conversión de 'const float' a 'int'; posible pérdida de datos
C:\Users\pau\Desktop\-Minigame\Shock-Troopers\Project_9_Solution\Source\Animation.h(67,30): warning C4244: '=': conversión de 'float' a 'int'; posible pérdida de datos
C:\Users\pau\Desktop\-Minigame\Shock-Troopers\Project_9_Solution\Source\ModulePlayer.cpp(947,11): warning C4554: "&": compruebe la prioridad de operador para posibles errores; utilice paréntesis para indicar la prioridad
  ModuleRender.cpp
C:\Users\pau\Desktop\-Minigame\Shock-Troopers\Project_9_Solution\Source\Animation.h(58,4): error C2043: instrucción break no válida
C:\Users\pau\Desktop\-Minigame\Shock-Troopers\Project_9_Solution\Source\Animation.h(65,19): warning C4244: 'inicializando': conversión de 'const float' a 'int'; posible pérdida de datos
C:\Users\pau\Desktop\-Minigame\Shock-Troopers\Project_9_Solution\Source\Animation.h(67,30): warning C4244: '=': conversión de 'float' a 'int'; posible pérdida de datos
C:\Users\pau\Desktop\-Minigame\Shock-Troopers\Project_9_Solution\Source\ModuleRender.cpp(189,48): warning C4244: '-=': conversión de 'float' a 'int'; posible pérdida de datos
C:\Users\pau\Desktop\-Minigame\Shock-Troopers\Project_9_Solution\Source\ModuleRender.cpp(190,48): warning C4244: '-=': conversión de 'float' a 'int'; posible pérdida de datos
C:\Users\pau\Desktop\-Minigame\Shock-Troopers\Project_9_Solution\Source\ModuleRender.cpp(225,48): warning C4244: '-=': conversión de 'float' a 'int'; posible pérdida de datos
C:\Users\pau\Desktop\-Minigame\Shock-Troopers\Project_9_Solution\Source\ModuleRender.cpp(226,48): warning C4244: '-=': conversión de 'float' a 'int'; posible pérdida de datos
C:\Users\pau\Desktop\-Minigame\Shock-Troopers\Project_9_Solution\Source\ModuleRender.cpp(262,48): warning C4244: '-=': conversión de 'float' a 'int'; posible pérdida de datos
C:\Users\pau\Desktop\-Minigame\Shock-Troopers\Project_9_Solution\Source\ModuleRender.cpp(263,48): warning C4244: '-=': conversión de 'float' a 'int'; posible pérdida de datos
  ModuleUI.cpp
C:\Users\pau\Desktop\-Minigame\Shock-Troopers\Project_9_Solution\Source\Animation.h(58,4): error C2043: instrucción break no válida
C:\Users\pau\Desktop\-Minigame\Shock-Troopers\Project_9_Solution\Source\Animation.h(65,19): warning C4244: 'inicializando': conversión de 'const float' a 'int'; posible pérdida de datos
C:\Users\pau\Desktop\-Minigame\Shock-Troopers\Project_9_Solution\Source\Animation.h(67,30): warning C4244: '=': conversión de 'float' a 'int'; posible pérdida de datos
  Particle.cpp
C:\Users\pau\Desktop\-Minigame\Shock-Troopers\Project_9_Solution\Source\Animation.h(58,4): error C2043: instrucción break no válida
C:\Users\pau\Desktop\-Minigame\Shock-Troopers\Project_9_Solution\Source\Animation.h(65,19): warning C4244: 'inicializando': conversión de 'const float' a 'int'; posible pérdida de datos
C:\Users\pau\Desktop\-Minigame\Shock-Troopers\Project_9_Solution\Source\Animation.h(67,30): warning C4244: '=': conversión de 'float' a 'int'; posible pérdida de datos
C:\Users\pau\Desktop\-Minigame\Shock-Troopers\Project_9_Solution\Source\Particle.cpp(39,19): warning C4018: '>=': no coinciden signed/unsigned
C:\Users\pau\Desktop\-Minigame\Shock-Troopers\Project_9_Solution\Source\Particle.cpp(51,58): warning C4244: 'argumento': conversión de 'TYPE' a 'int'; posible pérdida de datos
          with
          [
              TYPE=float
          ]
C:\Users\pau\Desktop\-Minigame\Shock-Troopers\Project_9_Solution\Source\Particle.cpp(51,32): warning C4244: 'argumento': conversión de 'TYPE' a 'int'; posible pérdida de datos
          with
          [
              TYPE=float
          ]
  Generando código...
  Compilando...
  Path.cpp
C:\Users\pau\Desktop\-Minigame\Shock-Troopers\Project_9_Solution\Source\Animation.h(58,4): error C2043: instrucción break no válida
C:\Users\pau\Desktop\-Minigame\Shock-Troopers\Project_9_Solution\Source\Animation.h(65,19): warning C4244: 'inicializando': conversión de 'const float' a 'int'; posible pérdida de datos
C:\Users\pau\Desktop\-Minigame\Shock-Troopers\Project_9_Solution\Source\Animation.h(67,30): warning C4244: '=': conversión de 'float' a 'int'; posible pérdida de datos
  SceneIntro.cpp
C:\Users\pau\Desktop\-Minigame\Shock-Troopers\Project_9_Solution\Source\Animation.h(58,4): error C2043: instrucción break no válida
C:\Users\pau\Desktop\-Minigame\Shock-Troopers\Project_9_Solution\Source\Animation.h(65,19): warning C4244: 'inicializando': conversión de 'const float' a 'int'; posible pérdida de datos
C:\Users\pau\Desktop\-Minigame\Shock-Troopers\Project_9_Solution\Source\Animation.h(67,30): warning C4244: '=': conversión de 'float' a 'int'; posible pérdida de datos
  SceneLevel1.cpp
C:\Users\pau\Desktop\-Minigame\Shock-Troopers\Project_9_Solution\Source\Animation.h(58,4): error C2043: instrucción break no válida
C:\Users\pau\Desktop\-Minigame\Shock-Troopers\Project_9_Solution\Source\Animation.h(65,19): warning C4244: 'inicializando': conversión de 'const float' a 'int'; posible pérdida de datos
C:\Users\pau\Desktop\-Minigame\Shock-Troopers\Project_9_Solution\Source\Animation.h(67,30): warning C4244: '=': conversión de 'float' a 'int'; posible pérdida de datos
  Generando código...
