  Application.cpp
C:\Users\pau\Desktop\-Minigame\Shock-Troopers\Project_9_Solution\Source\Animation.h(62,19): warning C4244: 'inicializando': conversión de 'const float' a 'int'; posible pérdida de datos
C:\Users\pau\Desktop\-Minigame\Shock-Troopers\Project_9_Solution\Source\Animation.h(64,30): warning C4244: '=': conversión de 'float' a 'int'; posible pérdida de datos
  Collider.cpp
  Enemy.cpp
C:\Users\pau\Desktop\-Minigame\Shock-Troopers\Project_9_Solution\Source\Animation.h(62,19): warning C4244: 'inicializando': conversión de 'const float' a 'int'; posible pérdida de datos
C:\Users\pau\Desktop\-Minigame\Shock-Troopers\Project_9_Solution\Source\Animation.h(64,30): warning C4244: '=': conversión de 'float' a 'int'; posible pérdida de datos
C:\Users\pau\Desktop\-Minigame\Shock-Troopers\Project_9_Solution\Source\Enemy.cpp(50,12): warning C4244: 'inicializando': conversión de 'double' a 'float'; posible pérdida de datos
  Enemy_Barrel.cpp
C:\Users\pau\Desktop\-Minigame\Shock-Troopers\Project_9_Solution\Source\Animation.h(62,19): warning C4244: 'inicializando': conversión de 'const float' a 'int'; posible pérdida de datos
C:\Users\pau\Desktop\-Minigame\Shock-Troopers\Project_9_Solution\Source\Animation.h(64,30): warning C4244: '=': conversión de 'float' a 'int'; posible pérdida de datos
  Enemy_Barricade.cpp
C:\Users\pau\Desktop\-Minigame\Shock-Troopers\Project_9_Solution\Source\Animation.h(62,19): warning C4244: 'inicializando': conversión de 'const float' a 'int'; posible pérdida de datos
C:\Users\pau\Desktop\-Minigame\Shock-Troopers\Project_9_Solution\Source\Animation.h(64,30): warning C4244: '=': conversión de 'float' a 'int'; posible pérdida de datos
C:\Users\pau\Desktop\-Minigame\Shock-Troopers\Project_9_Solution\Source\Enemy_Barricade.cpp(53,81): warning C4244: '=': conversión de 'int' a 'float'; posible pérdida de datos
C:\Users\pau\Desktop\-Minigame\Shock-Troopers\Project_9_Solution\Source\Enemy_Barricade.cpp(54,81): warning C4244: '=': conversión de 'int' a 'float'; posible pérdida de datos
  Enemy_Bazooka.cpp
C:\Users\pau\Desktop\-Minigame\Shock-Troopers\Project_9_Solution\Source\Animation.h(62,19): warning C4244: 'inicializando': conversión de 'const float' a 'int'; posible pérdida de datos
C:\Users\pau\Desktop\-Minigame\Shock-Troopers\Project_9_Solution\Source\Animation.h(64,30): warning C4244: '=': conversión de 'float' a 'int'; posible pérdida de datos
C:\Users\pau\Desktop\-Minigame\Shock-Troopers\Project_9_Solution\Source\Enemy_Bazooka.cpp(92,68): warning C4244: '=': conversión de 'TYPE' a 'float'; posible pérdida de datos
          with
          [
              TYPE=int
          ]
C:\Users\pau\Desktop\-Minigame\Shock-Troopers\Project_9_Solution\Source\Enemy_Bazooka.cpp(93,68): warning C4244: '=': conversión de 'TYPE' a 'float'; posible pérdida de datos
          with
          [
              TYPE=int
          ]
  Enemy_BlackSoldier.cpp
C:\Users\pau\Desktop\-Minigame\Shock-Troopers\Project_9_Solution\Source\Animation.h(62,19): warning C4244: 'inicializando': conversión de 'const float' a 'int'; posible pérdida de datos
C:\Users\pau\Desktop\-Minigame\Shock-Troopers\Project_9_Solution\Source\Animation.h(64,30): warning C4244: '=': conversión de 'float' a 'int'; posible pérdida de datos
C:\Users\pau\Desktop\-Minigame\Shock-Troopers\Project_9_Solution\Source\Enemy_BlackSoldier.cpp(76,81): warning C4244: '=': conversión de 'int' a 'float'; posible pérdida de datos
C:\Users\pau\Desktop\-Minigame\Shock-Troopers\Project_9_Solution\Source\Enemy_BlackSoldier.cpp(77,81): warning C4244: '=': conversión de 'int' a 'float'; posible pérdida de datos
  Enemy_BrownShip.cpp
C:\Users\pau\Desktop\-Minigame\Shock-Troopers\Project_9_Solution\Source\Animation.h(62,19): warning C4244: 'inicializando': conversión de 'const float' a 'int'; posible pérdida de datos
C:\Users\pau\Desktop\-Minigame\Shock-Troopers\Project_9_Solution\Source\Animation.h(64,30): warning C4244: '=': conversión de 'float' a 'int'; posible pérdida de datos
C:\Users\pau\Desktop\-Minigame\Shock-Troopers\Project_9_Solution\Source\Enemy_BrownShip.cpp(348,81): warning C4244: '=': conversión de 'int' a 'float'; posible pérdida de datos
C:\Users\pau\Desktop\-Minigame\Shock-Troopers\Project_9_Solution\Source\Enemy_BrownShip.cpp(349,81): warning C4244: '=': conversión de 'int' a 'float'; posible pérdida de datos
C:\Users\pau\Desktop\-Minigame\Shock-Troopers\Project_9_Solution\Source\Enemy_BrownShip.cpp(351,69): warning C4244: '=': conversión de 'TYPE' a 'float'; posible pérdida de datos
          with
          [
              TYPE=int
          ]
C:\Users\pau\Desktop\-Minigame\Shock-Troopers\Project_9_Solution\Source\Enemy_BrownShip.cpp(352,69): warning C4244: '=': conversión de 'TYPE' a 'float'; posible pérdida de datos
          with
          [
              TYPE=int
          ]
  Enemy_Camillers.cpp
C:\Users\pau\Desktop\-Minigame\Shock-Troopers\Project_9_Solution\Source\Animation.h(62,19): warning C4244: 'inicializando': conversión de 'const float' a 'int'; posible pérdida de datos
C:\Users\pau\Desktop\-Minigame\Shock-Troopers\Project_9_Solution\Source\Animation.h(64,30): warning C4244: '=': conversión de 'float' a 'int'; posible pérdida de datos
C:\Users\pau\Desktop\-Minigame\Shock-Troopers\Project_9_Solution\Source\Enemy_Camillers.cpp(69,9): warning C4553: "==": el resultado de la expresión no se usa. ¿Quiso decir "="?
  Enemy_Door.cpp
C:\Users\pau\Desktop\-Minigame\Shock-Troopers\Project_9_Solution\Source\Animation.h(62,19): warning C4244: 'inicializando': conversión de 'const float' a 'int'; posible pérdida de datos
C:\Users\pau\Desktop\-Minigame\Shock-Troopers\Project_9_Solution\Source\Animation.h(64,30): warning C4244: '=': conversión de 'float' a 'int'; posible pérdida de datos
  Enemy_FinalBoss.cpp
C:\Users\pau\Desktop\-Minigame\Shock-Troopers\Project_9_Solution\Source\Animation.h(62,19): warning C4244: 'inicializando': conversión de 'const float' a 'int'; posible pérdida de datos
C:\Users\pau\Desktop\-Minigame\Shock-Troopers\Project_9_Solution\Source\Animation.h(64,30): warning C4244: '=': conversión de 'float' a 'int'; posible pérdida de datos
C:\Users\pau\Desktop\-Minigame\Shock-Troopers\Project_9_Solution\Source\Enemy_FinalBoss.cpp(88,81): warning C4244: '=': conversión de 'int' a 'float'; posible pérdida de datos
C:\Users\pau\Desktop\-Minigame\Shock-Troopers\Project_9_Solution\Source\Enemy_FinalBoss.cpp(89,81): warning C4244: '=': conversión de 'int' a 'float'; posible pérdida de datos
  Enemy_Helicopter.cpp
C:\Users\pau\Desktop\-Minigame\Shock-Troopers\Project_9_Solution\Source\Animation.h(62,19): warning C4244: 'inicializando': conversión de 'const float' a 'int'; posible pérdida de datos
C:\Users\pau\Desktop\-Minigame\Shock-Troopers\Project_9_Solution\Source\Animation.h(64,30): warning C4244: '=': conversión de 'float' a 'int'; posible pérdida de datos
C:\Users\pau\Desktop\-Minigame\Shock-Troopers\Project_9_Solution\Source\Enemy_Helicopter.cpp(62,82): warning C4244: '=': conversión de 'int' a 'float'; posible pérdida de datos
C:\Users\pau\Desktop\-Minigame\Shock-Troopers\Project_9_Solution\Source\Enemy_Helicopter.cpp(63,81): warning C4244: '=': conversión de 'int' a 'float'; posible pérdida de datos
  Enemy_Itempickup.cpp
C:\Users\pau\Desktop\-Minigame\Shock-Troopers\Project_9_Solution\Source\Animation.h(62,19): warning C4244: 'inicializando': conversión de 'const float' a 'int'; posible pérdida de datos
C:\Users\pau\Desktop\-Minigame\Shock-Troopers\Project_9_Solution\Source\Animation.h(64,30): warning C4244: '=': conversión de 'float' a 'int'; posible pérdida de datos
  Enemy_Mech.cpp
C:\Users\pau\Desktop\-Minigame\Shock-Troopers\Project_9_Solution\Source\Animation.h(62,19): warning C4244: 'inicializando': conversión de 'const float' a 'int'; posible pérdida de datos
C:\Users\pau\Desktop\-Minigame\Shock-Troopers\Project_9_Solution\Source\Animation.h(64,30): warning C4244: '=': conversión de 'float' a 'int'; posible pérdida de datos
  Enemy_RedBird.cpp
C:\Users\pau\Desktop\-Minigame\Shock-Troopers\Project_9_Solution\Source\Animation.h(62,19): warning C4244: 'inicializando': conversión de 'const float' a 'int'; posible pérdida de datos
C:\Users\pau\Desktop\-Minigame\Shock-Troopers\Project_9_Solution\Source\Animation.h(64,30): warning C4244: '=': conversión de 'float' a 'int'; posible pérdida de datos
C:\Users\pau\Desktop\-Minigame\Shock-Troopers\Project_9_Solution\Source\Enemy_RedBird.cpp(197,81): warning C4244: '=': conversión de 'int' a 'float'; posible pérdida de datos
C:\Users\pau\Desktop\-Minigame\Shock-Troopers\Project_9_Solution\Source\Enemy_RedBird.cpp(198,81): warning C4244: '=': conversión de 'int' a 'float'; posible pérdida de datos
C:\Users\pau\Desktop\-Minigame\Shock-Troopers\Project_9_Solution\Source\Enemy_RedBird.cpp(200,69): warning C4244: '=': conversión de 'TYPE' a 'float'; posible pérdida de datos
          with
          [
              TYPE=int
          ]
C:\Users\pau\Desktop\-Minigame\Shock-Troopers\Project_9_Solution\Source\Enemy_RedBird.cpp(201,69): warning C4244: '=': conversión de 'TYPE' a 'float'; posible pérdida de datos
          with
          [
              TYPE=int
          ]
  Enemy_Structures.cpp
C:\Users\pau\Desktop\-Minigame\Shock-Troopers\Project_9_Solution\Source\Animation.h(62,19): warning C4244: 'inicializando': conversión de 'const float' a 'int'; posible pérdida de datos
C:\Users\pau\Desktop\-Minigame\Shock-Troopers\Project_9_Solution\Source\Animation.h(64,30): warning C4244: '=': conversión de 'float' a 'int'; posible pérdida de datos
C:\Users\pau\Desktop\-Minigame\Shock-Troopers\Project_9_Solution\Source\Enemy_Structures.cpp(79,68): warning C4244: '=': conversión de 'TYPE' a 'float'; posible pérdida de datos
          with
          [
              TYPE=int
          ]
C:\Users\pau\Desktop\-Minigame\Shock-Troopers\Project_9_Solution\Source\Enemy_Structures.cpp(80,68): warning C4244: '=': conversión de 'TYPE' a 'float'; posible pérdida de datos
          with
          [
              TYPE=int
          ]
C:\Users\pau\Desktop\-Minigame\Shock-Troopers\Project_9_Solution\Source\Enemy_Structures.cpp(184,82): warning C4244: '=': conversión de 'int' a 'float'; posible pérdida de datos
C:\Users\pau\Desktop\-Minigame\Shock-Troopers\Project_9_Solution\Source\Enemy_Structures.cpp(185,82): warning C4244: '=': conversión de 'int' a 'float'; posible pérdida de datos
  Enemy_Tank.cpp
C:\Users\pau\Desktop\-Minigame\Shock-Troopers\Project_9_Solution\Source\Animation.h(62,19): warning C4244: 'inicializando': conversión de 'const float' a 'int'; posible pérdida de datos
C:\Users\pau\Desktop\-Minigame\Shock-Troopers\Project_9_Solution\Source\Animation.h(64,30): warning C4244: '=': conversión de 'float' a 'int'; posible pérdida de datos
C:\Users\pau\Desktop\-Minigame\Shock-Troopers\Project_9_Solution\Source\Enemy_Tank.cpp(90,81): warning C4244: '=': conversión de 'int' a 'float'; posible pérdida de datos
C:\Users\pau\Desktop\-Minigame\Shock-Troopers\Project_9_Solution\Source\Enemy_Tank.cpp(91,81): warning C4244: '=': conversión de 'int' a 'float'; posible pérdida de datos
C:\Users\pau\Desktop\-Minigame\Shock-Troopers\Project_9_Solution\Source\Enemy_Tank.cpp(92,69): warning C4244: '=': conversión de 'TYPE' a 'float'; posible pérdida de datos
          with
          [
              TYPE=int
          ]
C:\Users\pau\Desktop\-Minigame\Shock-Troopers\Project_9_Solution\Source\Enemy_Tank.cpp(93,69): warning C4244: '=': conversión de 'TYPE' a 'float'; posible pérdida de datos
          with
          [
              TYPE=int
          ]
  Enemy_TankStop.cpp
C:\Users\pau\Desktop\-Minigame\Shock-Troopers\Project_9_Solution\Source\Animation.h(62,19): warning C4244: 'inicializando': conversión de 'const float' a 'int'; posible pérdida de datos
C:\Users\pau\Desktop\-Minigame\Shock-Troopers\Project_9_Solution\Source\Animation.h(64,30): warning C4244: '=': conversión de 'float' a 'int'; posible pérdida de datos
  Enemy_Tanquecoche.cpp
C:\Users\pau\Desktop\-Minigame\Shock-Troopers\Project_9_Solution\Source\Animation.h(62,19): warning C4244: 'inicializando': conversión de 'const float' a 'int'; posible pérdida de datos
C:\Users\pau\Desktop\-Minigame\Shock-Troopers\Project_9_Solution\Source\Animation.h(64,30): warning C4244: '=': conversión de 'float' a 'int'; posible pérdida de datos
C:\Users\pau\Desktop\-Minigame\Shock-Troopers\Project_9_Solution\Source\Enemy_Tanquecoche.cpp(50,68): warning C4244: '=': conversión de 'TYPE' a 'float'; posible pérdida de datos
          with
          [
              TYPE=int
          ]
C:\Users\pau\Desktop\-Minigame\Shock-Troopers\Project_9_Solution\Source\Enemy_Tanquecoche.cpp(51,68): warning C4244: '=': conversión de 'TYPE' a 'float'; posible pérdida de datos
          with
          [
              TYPE=int
          ]
  Enemy_ThreeBarrels.cpp
C:\Users\pau\Desktop\-Minigame\Shock-Troopers\Project_9_Solution\Source\Animation.h(62,19): warning C4244: 'inicializando': conversión de 'const float' a 'int'; posible pérdida de datos
C:\Users\pau\Desktop\-Minigame\Shock-Troopers\Project_9_Solution\Source\Animation.h(64,30): warning C4244: '=': conversión de 'float' a 'int'; posible pérdida de datos
C:\Users\pau\Desktop\-Minigame\Shock-Troopers\Project_9_Solution\Source\Enemy_ThreeBarrels.cpp(32,81): warning C4244: '=': conversión de 'int' a 'float'; posible pérdida de datos
C:\Users\pau\Desktop\-Minigame\Shock-Troopers\Project_9_Solution\Source\Enemy_ThreeBarrels.cpp(33,81): warning C4244: '=': conversión de 'int' a 'float'; posible pérdida de datos
  Compilando...
  Enemy_Torpedo.cpp
C:\Users\pau\Desktop\-Minigame\Shock-Troopers\Project_9_Solution\Source\Animation.h(62,19): warning C4244: 'inicializando': conversión de 'const float' a 'int'; posible pérdida de datos
C:\Users\pau\Desktop\-Minigame\Shock-Troopers\Project_9_Solution\Source\Animation.h(64,30): warning C4244: '=': conversión de 'float' a 'int'; posible pérdida de datos
C:\Users\pau\Desktop\-Minigame\Shock-Troopers\Project_9_Solution\Source\Enemy_Torpedo.cpp(34,2): warning C4060: la instrucción switch no contiene etiquetas 'case' ni 'default'
C:\Users\pau\Desktop\-Minigame\Shock-Troopers\Project_9_Solution\Source\Enemy_Torpedo.cpp(32,7): warning C4102: 'case0': etiqueta sin referencia
  Globals.cpp
  InitialScreen.cpp
C:\Users\pau\Desktop\-Minigame\Shock-Troopers\Project_9_Solution\Source\Animation.h(62,19): warning C4244: 'inicializando': conversión de 'const float' a 'int'; posible pérdida de datos
C:\Users\pau\Desktop\-Minigame\Shock-Troopers\Project_9_Solution\Source\Animation.h(64,30): warning C4244: '=': conversión de 'float' a 'int'; posible pérdida de datos
  ModuleAudio.cpp
  ModuleCollisions.cpp
  ModuleEnemies.cpp
C:\Users\pau\Desktop\-Minigame\Shock-Troopers\Project_9_Solution\Source\Animation.h(62,19): warning C4244: 'inicializando': conversión de 'const float' a 'int'; posible pérdida de datos
C:\Users\pau\Desktop\-Minigame\Shock-Troopers\Project_9_Solution\Source\Animation.h(64,30): warning C4244: '=': conversión de 'float' a 'int'; posible pérdida de datos
  ModuleFadeToBlack.cpp
C:\Users\pau\Desktop\-Minigame\Shock-Troopers\Project_9_Solution\Source\ModuleFadeToBlack.cpp(78,19): warning C4244: '=': conversión de 'float' a 'Uint32'; posible pérdida de datos
  ModuleFonts.cpp
  ModuleParticles.cpp
C:\Users\pau\Desktop\-Minigame\Shock-Troopers\Project_9_Solution\Source\Animation.h(62,19): warning C4244: 'inicializando': conversión de 'const float' a 'int'; posible pérdida de datos
C:\Users\pau\Desktop\-Minigame\Shock-Troopers\Project_9_Solution\Source\Animation.h(64,30): warning C4244: '=': conversión de 'float' a 'int'; posible pérdida de datos
C:\Users\pau\Desktop\-Minigame\Shock-Troopers\Project_9_Solution\Source\ModuleParticles.cpp(494,78): warning C4244: 'argumento': conversión de 'TYPE' a 'int'; posible pérdida de datos
          with
          [
              TYPE=float
          ]
C:\Users\pau\Desktop\-Minigame\Shock-Troopers\Project_9_Solution\Source\ModuleParticles.cpp(494,56): warning C4244: 'argumento': conversión de 'TYPE' a 'int'; posible pérdida de datos
          with
          [
              TYPE=float
          ]
C:\Users\pau\Desktop\-Minigame\Shock-Troopers\Project_9_Solution\Source\ModuleParticles.cpp(499,72): warning C4244: 'argumento': conversión de 'TYPE' a 'int'; posible pérdida de datos
          with
          [
              TYPE=float
          ]
C:\Users\pau\Desktop\-Minigame\Shock-Troopers\Project_9_Solution\Source\ModuleParticles.cpp(499,50): warning C4244: 'argumento': conversión de 'TYPE' a 'int'; posible pérdida de datos
          with
          [
              TYPE=float
          ]
C:\Users\pau\Desktop\-Minigame\Shock-Troopers\Project_9_Solution\Source\ModuleParticles.cpp(520,30): warning C4244: '=': conversión de 'int' a 'TYPE'; posible pérdida de datos
          with
          [
              TYPE=float
          ]
C:\Users\pau\Desktop\-Minigame\Shock-Troopers\Project_9_Solution\Source\ModuleParticles.cpp(521,30): warning C4244: '=': conversión de 'int' a 'TYPE'; posible pérdida de datos
          with
          [
              TYPE=float
          ]
  ModuleUI.cpp
C:\Users\pau\Desktop\-Minigame\Shock-Troopers\Project_9_Solution\Source\Animation.h(62,19): warning C4244: 'inicializando': conversión de 'const float' a 'int'; posible pérdida de datos
C:\Users\pau\Desktop\-Minigame\Shock-Troopers\Project_9_Solution\Source\Animation.h(64,30): warning C4244: '=': conversión de 'float' a 'int'; posible pérdida de datos
  SceneIntro.cpp
C:\Users\pau\Desktop\-Minigame\Shock-Troopers\Project_9_Solution\Source\Animation.h(62,19): warning C4244: 'inicializando': conversión de 'const float' a 'int'; posible pérdida de datos
C:\Users\pau\Desktop\-Minigame\Shock-Troopers\Project_9_Solution\Source\Animation.h(64,30): warning C4244: '=': conversión de 'float' a 'int'; posible pérdida de datos
  SceneLevel1.cpp
C:\Users\pau\Desktop\-Minigame\Shock-Troopers\Project_9_Solution\Source\Animation.h(62,19): warning C4244: 'inicializando': conversión de 'const float' a 'int'; posible pérdida de datos
C:\Users\pau\Desktop\-Minigame\Shock-Troopers\Project_9_Solution\Source\Animation.h(64,30): warning C4244: '=': conversión de 'float' a 'int'; posible pérdida de datos
  ModuleInput.cpp
  ModulePlayer.cpp
C:\Users\pau\Desktop\-Minigame\Shock-Troopers\Project_9_Solution\Source\Animation.h(62,19): warning C4244: 'inicializando': conversión de 'const float' a 'int'; posible pérdida de datos
C:\Users\pau\Desktop\-Minigame\Shock-Troopers\Project_9_Solution\Source\Animation.h(64,30): warning C4244: '=': conversión de 'float' a 'int'; posible pérdida de datos
C:\Users\pau\Desktop\-Minigame\Shock-Troopers\Project_9_Solution\Source\ModulePlayer.cpp(1053,11): warning C4554: "&": compruebe la prioridad de operador para posibles errores; utilice paréntesis para indicar la prioridad
  ModuleRender.cpp
C:\Users\pau\Desktop\-Minigame\Shock-Troopers\Project_9_Solution\Source\Animation.h(62,19): warning C4244: 'inicializando': conversión de 'const float' a 'int'; posible pérdida de datos
C:\Users\pau\Desktop\-Minigame\Shock-Troopers\Project_9_Solution\Source\Animation.h(64,30): warning C4244: '=': conversión de 'float' a 'int'; posible pérdida de datos
C:\Users\pau\Desktop\-Minigame\Shock-Troopers\Project_9_Solution\Source\ModuleRender.cpp(191,48): warning C4244: '-=': conversión de 'float' a 'int'; posible pérdida de datos
C:\Users\pau\Desktop\-Minigame\Shock-Troopers\Project_9_Solution\Source\ModuleRender.cpp(192,48): warning C4244: '-=': conversión de 'float' a 'int'; posible pérdida de datos
C:\Users\pau\Desktop\-Minigame\Shock-Troopers\Project_9_Solution\Source\ModuleRender.cpp(227,48): warning C4244: '-=': conversión de 'float' a 'int'; posible pérdida de datos
C:\Users\pau\Desktop\-Minigame\Shock-Troopers\Project_9_Solution\Source\ModuleRender.cpp(228,48): warning C4244: '-=': conversión de 'float' a 'int'; posible pérdida de datos
C:\Users\pau\Desktop\-Minigame\Shock-Troopers\Project_9_Solution\Source\ModuleRender.cpp(264,48): warning C4244: '-=': conversión de 'float' a 'int'; posible pérdida de datos
C:\Users\pau\Desktop\-Minigame\Shock-Troopers\Project_9_Solution\Source\ModuleRender.cpp(265,48): warning C4244: '-=': conversión de 'float' a 'int'; posible pérdida de datos
  ModuleTextures.cpp
  ModuleWindow.cpp
  Main.cpp
  Module.cpp
  Particle.cpp
C:\Users\pau\Desktop\-Minigame\Shock-Troopers\Project_9_Solution\Source\Animation.h(62,19): warning C4244: 'inicializando': conversión de 'const float' a 'int'; posible pérdida de datos
C:\Users\pau\Desktop\-Minigame\Shock-Troopers\Project_9_Solution\Source\Animation.h(64,30): warning C4244: '=': conversión de 'float' a 'int'; posible pérdida de datos
C:\Users\pau\Desktop\-Minigame\Shock-Troopers\Project_9_Solution\Source\Particle.cpp(39,19): warning C4018: '>=': no coinciden signed/unsigned
C:\Users\pau\Desktop\-Minigame\Shock-Troopers\Project_9_Solution\Source\Particle.cpp(51,58): warning C4244: 'argumento': conversión de 'TYPE' a 'int'; posible pérdida de datos
          with
          [
              TYPE=float
          ]
C:\Users\pau\Desktop\-Minigame\Shock-Troopers\Project_9_Solution\Source\Particle.cpp(51,32): warning C4244: 'argumento': conversión de 'TYPE' a 'int'; posible pérdida de datos
          with
          [
              TYPE=float
          ]
  Compilando...
  Path.cpp
C:\Users\pau\Desktop\-Minigame\Shock-Troopers\Project_9_Solution\Source\Animation.h(62,19): warning C4244: 'inicializando': conversión de 'const float' a 'int'; posible pérdida de datos
C:\Users\pau\Desktop\-Minigame\Shock-Troopers\Project_9_Solution\Source\Animation.h(64,30): warning C4244: '=': conversión de 'float' a 'int'; posible pérdida de datos
  Generando código
  Previous IPDB not found, fall back to full compilation.
  All 260 functions were compiled because no usable IPDB/IOBJ from previous compilation was found.
  Generación de código finalizada
  Project_9_Solution.vcxproj -> C:\Users\pau\Desktop\-Minigame\Shock-Troopers\Release\Project_9_Solution.exe
