  Application.cpp
C:\Users\paums3\My project\Shock-Troopers\Project_7_Handout\Source\Animation.h(54,19): warning C4244: 'initializing': conversion from 'const float' to 'int', possible loss of data
C:\Users\paums3\My project\Shock-Troopers\Project_7_Handout\Source\Animation.h(56,30): warning C4244: '=': conversion from 'float' to 'int', possible loss of data
  Enemy.cpp
C:\Users\paums3\My project\Shock-Troopers\Project_7_Handout\Source\Animation.h(54,19): warning C4244: 'initializing': conversion from 'const float' to 'int', possible loss of data
C:\Users\paums3\My project\Shock-Troopers\Project_7_Handout\Source\Animation.h(56,30): warning C4244: '=': conversion from 'float' to 'int', possible loss of data
  Enemy_BrownShip.cpp
C:\Users\paums3\My project\Shock-Troopers\Project_7_Handout\Source\Animation.h(54,19): warning C4244: 'initializing': conversion from 'const float' to 'int', possible loss of data
C:\Users\paums3\My project\Shock-Troopers\Project_7_Handout\Source\Animation.h(56,30): warning C4244: '=': conversion from 'float' to 'int', possible loss of data
C:\Users\paums3\My project\Shock-Troopers\Project_7_Handout\Source\Enemy_BrownShip.cpp(31,103): warning C4244: 'argument': conversion from 'double' to 'int', possible loss of data
C:\Users\paums3\My project\Shock-Troopers\Project_7_Handout\Source\Enemy_BrownShip.cpp(30,103): warning C4244: 'argument': conversion from 'double' to 'int', possible loss of data
  Enemy_Mech.cpp
C:\Users\paums3\My project\Shock-Troopers\Project_7_Handout\Source\Animation.h(54,19): warning C4244: 'initializing': conversion from 'const float' to 'int', possible loss of data
C:\Users\paums3\My project\Shock-Troopers\Project_7_Handout\Source\Animation.h(56,30): warning C4244: '=': conversion from 'float' to 'int', possible loss of data
  Enemy_RedBird.cpp
C:\Users\paums3\My project\Shock-Troopers\Project_7_Handout\Source\Animation.h(54,19): warning C4244: 'initializing': conversion from 'const float' to 'int', possible loss of data
C:\Users\paums3\My project\Shock-Troopers\Project_7_Handout\Source\Animation.h(56,30): warning C4244: '=': conversion from 'float' to 'int', possible loss of data
C:\Users\paums3\My project\Shock-Troopers\Project_7_Handout\Source\Enemy_RedBird.cpp(27,26): warning C4244: '=': conversion from 'float' to 'TYPE', possible loss of data
          with
          [
              TYPE=int
          ]
  Main.cpp
  Module.cpp
  ModuleAudio.cpp
  ModuleCollisions.cpp
  ModuleEnemies.cpp
C:\Users\paums3\My project\Shock-Troopers\Project_7_Handout\Source\Animation.h(54,19): warning C4244: 'initializing': conversion from 'const float' to 'int', possible loss of data
C:\Users\paums3\My project\Shock-Troopers\Project_7_Handout\Source\Animation.h(56,30): warning C4244: '=': conversion from 'float' to 'int', possible loss of data
  ModuleInput.cpp
  ModuleParticles.cpp
C:\Users\paums3\My project\Shock-Troopers\Project_7_Handout\Source\Animation.h(54,19): warning C4244: 'initializing': conversion from 'const float' to 'int', possible loss of data
C:\Users\paums3\My project\Shock-Troopers\Project_7_Handout\Source\Animation.h(56,30): warning C4244: '=': conversion from 'float' to 'int', possible loss of data
  ModulePlayer.cpp
C:\Users\paums3\My project\Shock-Troopers\Project_7_Handout\Source\Animation.h(54,19): warning C4244: 'initializing': conversion from 'const float' to 'int', possible loss of data
C:\Users\paums3\My project\Shock-Troopers\Project_7_Handout\Source\Animation.h(56,30): warning C4244: '=': conversion from 'float' to 'int', possible loss of data
  ModuleRender.cpp
C:\Users\paums3\My project\Shock-Troopers\Project_7_Handout\Source\Animation.h(54,19): warning C4244: 'initializing': conversion from 'const float' to 'int', possible loss of data
C:\Users\paums3\My project\Shock-Troopers\Project_7_Handout\Source\Animation.h(56,30): warning C4244: '=': conversion from 'float' to 'int', possible loss of data
  ModuleScene.cpp
C:\Users\paums3\My project\Shock-Troopers\Project_7_Handout\Source\Animation.h(54,19): warning C4244: 'initializing': conversion from 'const float' to 'int', possible loss of data
C:\Users\paums3\My project\Shock-Troopers\Project_7_Handout\Source\Animation.h(56,30): warning C4244: '=': conversion from 'float' to 'int', possible loss of data
  ModuleTextures.cpp
  ModuleWindow.cpp
  Particle.cpp
C:\Users\paums3\My project\Shock-Troopers\Project_7_Handout\Source\Animation.h(54,19): warning C4244: 'initializing': conversion from 'const float' to 'int', possible loss of data
C:\Users\paums3\My project\Shock-Troopers\Project_7_Handout\Source\Animation.h(56,30): warning C4244: '=': conversion from 'float' to 'int', possible loss of data
C:\Users\paums3\My project\Shock-Troopers\Project_7_Handout\Source\Particle.cpp(39,19): warning C4018: '>=': signed/unsigned mismatch
  Path.cpp
C:\Users\paums3\My project\Shock-Troopers\Project_7_Handout\Source\Animation.h(54,19): warning C4244: 'initializing': conversion from 'const float' to 'int', possible loss of data
C:\Users\paums3\My project\Shock-Troopers\Project_7_Handout\Source\Animation.h(56,30): warning C4244: '=': conversion from 'float' to 'int', possible loss of data
  Generating Code...
  Project_7_Handout.vcxproj -> C:\Users\paums3\My project\Shock-Troopers\Debug\Project_7_Handout.exe
